# JRE version: Java(TM) SE Runtime Environment (8.0_221-b11) (build 1.8.0_221-b11)
# Java VM: Java HotSpot(TM) 64-Bit Server VM (25.221-b11 mixed mode bsd-amd64 compressed oops)
Heap:
 PSYoungGen      total 28160K, used 26611K [0x0000000795580000, 0x0000000797980000, 0x00000007c0000000)
  eden space 27648K, 96% used [0x0000000795580000,0x0000000796f6cca0,0x0000000797080000)
  from space 512K, 12% used [0x0000000797100000,0x0000000797110000,0x0000000797180000)
  to   space 4608K, 0% used [0x0000000797500000,0x0000000797500000,0x0000000797980000)
 ParOldGen       total 87552K, used 2643K [0x0000000740000000, 0x0000000745580000, 0x0000000795580000)
  object space 87552K, 3% used [0x0000000740000000,0x0000000740294d78,0x0000000745580000)
 Metaspace       used 14411K, capacity 14722K, committed 14976K, reserved 1062912K
  class space    used 1561K, capacity 1650K, committed 1664K, reserved 1048576K
GC Heap History (10 events):
Event: 1970.299 GC heap before
{Heap before GC invocations=11 (full 0):
 PSYoungGen      total 34816K, used 30304K [0x0000000795580000, 0x0000000797d00000, 0x00000007c0000000)
  eden space 30208K, 100% used [0x0000000795580000,0x0000000797300000,0x0000000797300000)
  from space 4608K, 2% used [0x0000000797880000,0x0000000797898000,0x0000000797d00000)
  to   space 5120K, 0% used [0x0000000797300000,0x0000000797300000,0x0000000797800000)
 ParOldGen       total 87552K, used 2643K [0x0000000740000000, 0x0000000745580000, 0x0000000795580000)
  object space 87552K, 3% used [0x0000000740000000,0x0000000740294d78,0x0000000745580000)
 Metaspace       used 14411K, capacity 14722K, committed 14976K, reserved 1062912K
  class space    used 1561K, capacity 1650K, committed 1664K, reserved 1048576K
Event: 1970.301 GC heap after
Heap after GC invocations=11 (full 0):
 PSYoungGen      total 30208K, used 96K [0x0000000795580000, 0x0000000797c80000, 0x00000007c0000000)
  eden space 29696K, 0% used [0x0000000795580000,0x0000000795580000,0x0000000797280000)
  from space 512K, 18% used [0x0000000797300000,0x0000000797318000,0x0000000797380000)
  to   space 5120K, 0% used [0x0000000797780000,0x0000000797780000,0x0000000797c80000)
 ParOldGen       total 87552K, used 2643K [0x0000000740000000, 0x0000000745580000, 0x0000000795580000)
  object space 87552K, 3% used [0x0000000740000000,0x0000000740294d78,0x0000000745580000)
 Metaspace       used 14411K, capacity 14722K, committed 14976K, reserved 1062912K
  class space    used 1561K, capacity 1650K, committed 1664K, reserved 1048576K
}
Event: 2147.766 GC heap before
{Heap before GC invocations=12 (full 0):
 PSYoungGen      total 30208K, used 29792K [0x0000000795580000, 0x0000000797c80000, 0x00000007c0000000)
  eden space 29696K, 100% used [0x0000000795580000,0x0000000797280000,0x0000000797280000)
  from space 512K, 18% used [0x0000000797300000,0x0000000797318000,0x0000000797380000)
  to   space 5120K, 0% used [0x0000000797780000,0x0000000797780000,0x0000000797c80000)
 ParOldGen       total 87552K, used 2643K [0x0000000740000000, 0x0000000745580000, 0x0000000795580000)
  object space 87552K, 3% used [0x0000000740000000,0x0000000740294d78,0x0000000745580000)
 Metaspace       used 14411K, capacity 14722K, committed 14976K, reserved 1062912K
  class space    used 1561K, capacity 1650K, committed 1664K, reserved 1048576K
Event: 2147.768 GC heap after
Heap after GC invocations=12 (full 0):
 PSYoungGen      total 33792K, used 64K [0x0000000795580000, 0x0000000797c00000, 0x00000007c0000000)
  eden space 29184K, 0% used [0x0000000795580000,0x0000000795580000,0x0000000797200000)
  from space 4608K, 1% used [0x0000000797780000,0x0000000797790000,0x0000000797c00000)
  to   space 5120K, 0% used [0x0000000797200000,0x0000000797200000,0x0000000797700000)
 ParOldGen       total 87552K, used 2643K [0x0000000740000000, 0x0000000745580000, 0x0000000795580000)
  object space 87552K, 3% used [0x0000000740000000,0x0000000740294d78,0x0000000745580000)
 Metaspace       used 14411K, capacity 14722K, committed 14976K, reserved 1062912K
  class space    used 1561K, capacity 1650K, committed 1664K, reserved 1048576K
}
Event: 2322.822 GC heap before
{Heap before GC invocations=13 (full 0):
 PSYoungGen      total 33792K, used 29248K [0x0000000795580000, 0x0000000797c00000, 0x00000007c0000000)
  eden space 29184K, 100% used [0x0000000795580000,0x0000000797200000,0x0000000797200000)
  from space 4608K, 1% used [0x0000000797780000,0x0000000797790000,0x0000000797c00000)
  to   space 5120K, 0% used [0x0000000797200000,0x0000000797200000,0x0000000797700000)
 ParOldGen       total 87552K, used 2643K [0x0000000740000000, 0x0000000745580000, 0x0000000795580000)
  object space 87552K, 3% used [0x0000000740000000,0x0000000740294d78,0x0000000745580000)
 Metaspace       used 14411K, capacity 14722K, committed 14976K, reserved 1062912K
  class space    used 1561K, capacity 1650K, committed 1664K, reserved 1048576K
Event: 2322.824 GC heap after
Heap after GC invocations=13 (full 0):
 PSYoungGen      total 29184K, used 96K [0x0000000795580000, 0x0000000797b80000, 0x00000007c0000000)
  eden space 28672K, 0% used [0x0000000795580000,0x0000000795580000,0x0000000797180000)
  from space 512K, 18% used [0x0000000797200000,0x0000000797218000,0x0000000797280000)
  to   space 5120K, 0% used [0x0000000797680000,0x0000000797680000,0x0000000797b80000)
 ParOldGen       total 87552K, used 2643K [0x0000000740000000, 0x0000000745580000, 0x0000000795580000)
  object space 87552K, 3% used [0x0000000740000000,0x0000000740294d78,0x0000000745580000)
 Metaspace       used 14411K, capacity 14722K, committed 14976K, reserved 1062912K
  class space    used 1561K, capacity 1650K, committed 1664K, reserved 1048576K
}
Event: 2495.260 GC heap before
{Heap before GC invocations=14 (full 0):
 PSYoungGen      total 29184K, used 28768K [0x0000000795580000, 0x0000000797b80000, 0x00000007c0000000)
  eden space 28672K, 100% used [0x0000000795580000,0x0000000797180000,0x0000000797180000)
  from space 512K, 18% used [0x0000000797200000,0x0000000797218000,0x0000000797280000)
  to   space 5120K, 0% used [0x0000000797680000,0x0000000797680000,0x0000000797b80000)
 ParOldGen       total 87552K, used 2643K [0x0000000740000000, 0x0000000745580000, 0x0000000795580000)
  object space 87552K, 3% used [0x0000000740000000,0x0000000740294d78,0x0000000745580000)
 Metaspace       used 14411K, capacity 14722K, committed 14976K, reserved 1062912K
  class space    used 1561K, capacity 1650K, committed 1664K, reserved 1048576K
Event: 2495.267 GC heap after
Heap after GC invocations=14 (full 0):
 PSYoungGen      total 32768K, used 64K [0x0000000795580000, 0x0000000797b00000, 0x00000007c0000000)
  eden space 28160K, 0% used [0x0000000795580000,0x0000000795580000,0x0000000797100000)
  from space 4608K, 1% used [0x0000000797680000,0x0000000797690000,0x0000000797b00000)
  to   space 5120K, 0% used [0x0000000797100000,0x0000000797100000,0x0000000797600000)
 ParOldGen       total 87552K, used 2643K [0x0000000740000000, 0x0000000745580000, 0x0000000795580000)
  object space 87552K, 3% used [0x0000000740000000,0x0000000740294d78,0x0000000745580000)
 Metaspace       used 14411K, capacity 14722K, committed 14976K, reserved 1062912K
  class space    used 1561K, capacity 1650K, committed 1664K, reserved 1048576K
}
Event: 2672.559 GC heap before
{Heap before GC invocations=15 (full 0):
 PSYoungGen      total 32768K, used 28224K [0x0000000795580000, 0x0000000797b00000, 0x00000007c0000000)
  eden space 28160K, 100% used [0x0000000795580000,0x0000000797100000,0x0000000797100000)
  from space 4608K, 1% used [0x0000000797680000,0x0000000797690000,0x0000000797b00000)
  to   space 5120K, 0% used [0x0000000797100000,0x0000000797100000,0x0000000797600000)
 ParOldGen       total 87552K, used 2643K [0x0000000740000000, 0x0000000745580000, 0x0000000795580000)
  object space 87552K, 3% used [0x0000000740000000,0x0000000740294d78,0x0000000745580000)
 Metaspace       used 14411K, capacity 14722K, committed 14976K, reserved 1062912K
  class space    used 1561K, capacity 1650K, committed 1664K, reserved 1048576K
Event: 2672.561 GC heap after
Heap after GC invocations=15 (full 0):
 PSYoungGen      total 28160K, used 64K [0x0000000795580000, 0x0000000797980000, 0x00000007c0000000)
  eden space 27648K, 0% used [0x0000000795580000,0x0000000795580000,0x0000000797080000)
  from space 512K, 12% used [0x0000000797100000,0x0000000797110000,0x0000000797180000)
  to   space 4608K, 0% used [0x0000000797500000,0x0000000797500000,0x0000000797980000)
 ParOldGen       total 87552K, used 2643K [0x0000000740000000, 0x0000000745580000, 0x0000000795580000)
  object space 87552K, 3% used [0x0000000740000000,0x0000000740294d78,0x0000000745580000)
 Metaspace       used 14411K, capacity 14722K, committed 14976K, reserved 1062912K
  class space    used 1561K, capacity 1650K, committed 1664K, reserved 1048576K
}

